<?xml version="1.0" encoding="UTF-8"?>
<!-- Generated by org.testng.reporters.JUnitReportReporter -->
<testsuite hostname="Phoenix" failures="0" tests="3" name="com.CaseStudy7.ChromeCaseStudy7" time="1.501" errors="0" timestamp="2026-06-14T10:53:22 IST" skipped="0">
  <testcase classname="com.CaseStudy7.ChromeCaseStudy7" name="Test" time="0.230"/>
  <testcase classname="com.CaseStudy7.ChromeCaseStudy7" name="Test" time="0.451"/>
  <testcase classname="com.CaseStudy7.ChromeCaseStudy7" name="Test" time="0.820"/>
</testsuite> <!-- com.CaseStudy7.ChromeCaseStudy7 -->
